#
# There is insufficient memory for the Java Runtime Environment to continue.
# Native memory allocation (malloc) failed to allocate 230576 bytes for Chunk::new
# Possible reasons:
#   The system is out of physical RAM or swap space
#   In 32 bit mode, the process size limit was hit
# Possible solutions:
#   Reduce memory load on the system
#   Increase physical memory or swap space
#   Check if swap backing store is full
#   Use 64 bit Java on a 64 bit OS
#   Decrease Java heap size (-Xmx/-Xms)
#   Decrease number of Java threads
#   Decrease Java thread stack sizes (-Xss)
#   Set larger code cache with -XX:ReservedCodeCacheSize=
# This output file may be truncated or incomplete.
#
#  Out of Memory Error (allocation.cpp:388), pid=7864, tid=5284
#
# JRE version: Java(TM) SE Runtime Environment (8.0_05-b13) (build 1.8.0_05-b13)
# Java VM: Java HotSpot(TM) 64-Bit Server VM (25.5-b02 mixed mode windows-amd64 compressed oops)
# Failed to write core dump. Minidumps are not enabled by default on client versions of Windows
#

---------------  T H R E A D  ---------------

Current thread (0x0000000014ff2800):  JavaThread "C2 CompilerThread1" daemon [_thread_in_native, id=5284, stack(0x0000000016680000,0x0000000016780000)]

Stack: [0x0000000016680000,0x0000000016780000]
Native frames: (J=compiled Java code, j=interpreted, Vv=VM code, C=native code)
V  [jvm.dll+0x308dea]
V  [jvm.dll+0x25def1]
V  [jvm.dll+0x25eb0f]
V  [jvm.dll+0x2564e5]
V  [jvm.dll+0xbcfc5]
V  [jvm.dll+0xbd45c]
V  [jvm.dll+0x468bac]
V  [jvm.dll+0x4360a3]
V  [jvm.dll+0x44111e]
V  [jvm.dll+0x4436a9]
V  [jvm.dll+0x427532]
V  [jvm.dll+0x96702]
V  [jvm.dll+0x96ef3]
V  [jvm.dll+0x2232c4]
V  [jvm.dll+0x27baca]
C  [msvcr100.dll+0x21d9f]
C  [msvcr100.dll+0x21e3b]
C  [KERNEL32.DLL+0x16ad]
C  [ntdll.dll+0x74629]


Current CompileTask:
C2:   1486  902       4       com.android.dx.ssa.SsaBasicBlock::forEachInsn (37 bytes)


---------------  P R O C E S S  ---------------

Java Threads: ( => current thread )
  0x0000000016888800 JavaThread "Service Thread" daemon [_thread_blocked, id=7444, stack(0x0000000016c80000,0x0000000016d80000)]
  0x0000000014ffd800 JavaThread "C1 CompilerThread2" daemon [_thread_in_native, id=6868, stack(0x0000000016780000,0x0000000016880000)]
=>0x0000000014ff2800 JavaThread "C2 CompilerThread1" daemon [_thread_in_native, id=5284, stack(0x0000000016680000,0x0000000016780000)]
  0x0000000014feb800 JavaThread "C2 CompilerThread0" daemon [_thread_in_native, id=7340, stack(0x0000000016580000,0x0000000016680000)]
  0x0000000014fea000 JavaThread "Attach Listener" daemon [_thread_blocked, id=8196, stack(0x0000000016480000,0x0000000016580000)]
  0x0000000014fe9000 JavaThread "Signal Dispatcher" daemon [_thread_blocked, id=8860, stack(0x0000000016380000,0x0000000016480000)]
  0x00000000028dd000 JavaThread "Finalizer" daemon [_thread_blocked, id=6164, stack(0x0000000016270000,0x0000000016370000)]
  0x00000000028d9000 JavaThread "Reference Handler" daemon [_thread_blocked, id=6744, stack(0x0000000016170000,0x0000000016270000)]
  0x00000000027f0800 JavaThread "main" [_thread_in_Java, id=8428, stack(0x00000000026e0000,0x00000000027e0000)]

Other Threads:
  0x0000000014fb6000 VMThread [stack: 0x0000000016070000,0x0000000016170000] [id=3688]
  0x0000000015049800 WatcherThread [stack: 0x0000000016d80000,0x0000000016e80000] [id=1156]

VM state:not at safepoint (normal execution)

VM Mutex/Monitor currently owned by a thread: None

Heap:
 PSYoungGen      total 5632K, used 2398K [0x00000000eab00000, 0x00000000eb580000, 0x0000000100000000)
  eden space 4096K, 21% used [0x00000000eab00000,0x00000000eabdfa18,0x00000000eaf00000)
  from space 1536K, 97% used [0x00000000eaf00000,0x00000000eb078018,0x00000000eb080000)
  to   space 2048K, 0% used [0x00000000eb380000,0x00000000eb380000,0x00000000eb580000)
 ParOldGen       total 55808K, used 1491K [0x00000000c0000000, 0x00000000c3680000, 0x00000000eab00000)
  object space 55808K, 2% used [0x00000000c0000000,0x00000000c0174d38,0x00000000c3680000)
 Metaspace       used 4908K, capacity 6448K, committed 6528K, reserved 1056768K
  class space    used 536K, capacity 616K, committed 640K, reserved 1048576K

Card table byte_map: [0x0000000011cc0000,0x0000000011ed0000] byte_map_base: 0x00000000116c0000

Marking Bits: (ParMarkBitMap*) 0x0000000060bd13b0
 Begin Bits: [0x0000000012430000, 0x0000000013430000)
 End Bits:   [0x0000000013430000, 0x0000000014430000)

Polling page: 0x0000000002690000

CodeCache: size=245760Kb used=4013Kb max_used=4024Kb free=241746Kb
 bounds [0x0000000002900000, 0x0000000002d00000, 0x0000000011900000]
 total_blobs=1250 nmethods=991 adapters=173
 compilation: enabled

Compilation events (10 events):
Event: 1.448 Thread 0x0000000014feb800 nmethod 916 0x0000000002ccfa50 code [0x0000000002ccfba0, 0x0000000002ccfc98]
Event: 1.448 Thread 0x0000000014ffd800  960       3       java.util.Vector::<init> (7 bytes)
Event: 1.448 Thread 0x0000000014feb800  920       4       com.android.dx.rop.type.Type::getBasicFrameType (60 bytes)
Event: 1.448 Thread 0x0000000014ffd800 nmethod 960 0x0000000002ccf6d0 code [0x0000000002ccf840, 0x0000000002ccf9c8]
Event: 1.449 Thread 0x0000000014feb800 nmethod 920 0x0000000002c34390 code [0x0000000002c344c0, 0x0000000002c34538]
Event: 1.449 Thread 0x0000000014ffd800  961       3       com.android.dx.cf.code.BasicBlocker::visitLocal (34 bytes)
Event: 1.450 Thread 0x0000000014ffd800 nmethod 961 0x0000000002cce950 code [0x0000000002cceb00, 0x0000000002ccf108]
Event: 1.450 Thread 0x0000000014ffd800  963       3       com.android.dx.rop.code.RegisterSpec::<init> (8 bytes)
Event: 1.450 Thread 0x0000000014ffd800 nmethod 963 0x0000000002cd2b50 code [0x0000000002cd2cc0, 0x0000000002cd2e48]
Event: 1.450 Thread 0x0000000014ffd800  962       3       com.android.dx.cf.code.Simulator$SimVisitor::visitLocal (329 bytes)

GC Heap History (10 events):
Event: 0.819 GC heap before
{Heap before GC invocations=5 (full 0):
 PSYoungGen      total 1536K, used 1519K [0x00000000eab00000, 0x00000000ead00000, 0x0000000100000000)
  eden space 1024K, 98% used [0x00000000eab00000,0x00000000eabfd320,0x00000000eac00000)
  from space 512K, 98% used [0x00000000eac80000,0x00000000eacfea80,0x00000000ead00000)
  to   space 512K, 0% used [0x00000000eac00000,0x00000000eac00000,0x00000000eac80000)
 ParOldGen       total 55808K, used 539K [0x00000000c0000000, 0x00000000c3680000, 0x00000000eab00000)
  object space 55808K, 0% used [0x00000000c0000000,0x00000000c0086c00,0x00000000c3680000)
 Metaspace       used 3454K, capacity 5168K, committed 5376K, reserved 1056768K
  class space    used 401K, capacity 488K, committed 512K, reserved 1048576K
Event: 0.821 GC heap after
Heap after GC invocations=5 (full 0):
 PSYoungGen      total 1536K, used 496K [0x00000000eab00000, 0x00000000eaf00000, 0x0000000100000000)
  eden space 1024K, 0% used [0x00000000eab00000,0x00000000eab00000,0x00000000eac00000)
  from space 512K, 96% used [0x00000000eac00000,0x00000000eac7c010,0x00000000eac80000)
  to   space 1024K, 0% used [0x00000000eae00000,0x00000000eae00000,0x00000000eaf00000)
 ParOldGen       total 55808K, used 868K [0x00000000c0000000, 0x00000000c3680000, 0x00000000eab00000)
  object space 55808K, 1% used [0x00000000c0000000,0x00000000c00d92c0,0x00000000c3680000)
 Metaspace       used 3454K, capacity 5168K, committed 5376K, reserved 1056768K
  class space    used 401K, capacity 488K, committed 512K, reserved 1048576K
}
Event: 0.877 GC heap before
{Heap before GC invocations=6 (full 0):
 PSYoungGen      total 1536K, used 1520K [0x00000000eab00000, 0x00000000eaf00000, 0x0000000100000000)
  eden space 1024K, 100% used [0x00000000eab00000,0x00000000eac00000,0x00000000eac00000)
  from space 512K, 96% used [0x00000000eac00000,0x00000000eac7c010,0x00000000eac80000)
  to   space 1024K, 0% used [0x00000000eae00000,0x00000000eae00000,0x00000000eaf00000)
 ParOldGen       total 55808K, used 868K [0x00000000c0000000, 0x00000000c3680000, 0x00000000eab00000)
  object space 55808K, 1% used [0x00000000c0000000,0x00000000c00d92c0,0x00000000c3680000)
 Metaspace       used 3844K, capacity 5520K, committed 5760K, reserved 1056768K
  class space    used 441K, capacity 520K, committed 640K, reserved 1048576K
Event: 0.878 GC heap after
Heap after GC invocations=6 (full 0):
 PSYoungGen      total 3072K, used 859K [0x00000000eab00000, 0x00000000eaf00000, 0x0000000100000000)
  eden space 2048K, 0% used [0x00000000eab00000,0x00000000eab00000,0x00000000ead00000)
  from space 1024K, 83% used [0x00000000eae00000,0x00000000eaed6cd0,0x00000000eaf00000)
  to   space 1024K, 0% used [0x00000000ead00000,0x00000000ead00000,0x00000000eae00000)
 ParOldGen       total 55808K, used 876K [0x00000000c0000000, 0x00000000c3680000, 0x00000000eab00000)
  object space 55808K, 1% used [0x00000000c0000000,0x00000000c00db2c0,0x00000000c3680000)
 Metaspace       used 3844K, capacity 5520K, committed 5760K, reserved 1056768K
  class space    used 441K, capacity 520K, committed 640K, reserved 1048576K
}
Event: 0.967 GC heap before
{Heap before GC invocations=7 (full 0):
 PSYoungGen      total 3072K, used 2907K [0x00000000eab00000, 0x00000000eaf00000, 0x0000000100000000)
  eden space 2048K, 100% used [0x00000000eab00000,0x00000000ead00000,0x00000000ead00000)
  from space 1024K, 83% used [0x00000000eae00000,0x00000000eaed6cd0,0x00000000eaf00000)
  to   space 1024K, 0% used [0x00000000ead00000,0x00000000ead00000,0x00000000eae00000)
 ParOldGen       total 55808K, used 876K [0x00000000c0000000, 0x00000000c3680000, 0x00000000eab00000)
  object space 55808K, 1% used [0x00000000c0000000,0x00000000c00db2c0,0x00000000c3680000)
 Metaspace       used 4472K, capacity 6064K, committed 6272K, reserved 1056768K
  class space    used 527K, capacity 616K, committed 640K, reserved 1048576K
Event: 0.970 GC heap after
Heap after GC invocations=7 (full 0):
 PSYoungGen      total 3072K, used 1008K [0x00000000eab00000, 0x00000000eb200000, 0x0000000100000000)
  eden space 2048K, 0% used [0x00000000eab00000,0x00000000eab00000,0x00000000ead00000)
  from space 1024K, 98% used [0x00000000ead00000,0x00000000eadfc1d8,0x00000000eae00000)
  to   space 1536K, 0% used [0x00000000eb080000,0x00000000eb080000,0x00000000eb200000)
 ParOldGen       total 55808K, used 1240K [0x00000000c0000000, 0x00000000c3680000, 0x00000000eab00000)
  object space 55808K, 2% used [0x00000000c0000000,0x00000000c01363b8,0x00000000c3680000)
 Metaspace       used 4472K, capacity 6064K, committed 6272K, reserved 1056768K
  class space    used 527K, capacity 616K, committed 640K, reserved 1048576K
}
Event: 1.147 GC heap before
{Heap before GC invocations=8 (full 0):
 PSYoungGen      total 3072K, used 3056K [0x00000000eab00000, 0x00000000eb200000, 0x0000000100000000)
  eden space 2048K, 100% used [0x00000000eab00000,0x00000000ead00000,0x00000000ead00000)
  from space 1024K, 98% used [0x00000000ead00000,0x00000000eadfc1d8,0x00000000eae00000)
  to   space 1536K, 0% used [0x00000000eb080000,0x00000000eb080000,0x00000000eb200000)
 ParOldGen       total 55808K, used 1240K [0x00000000c0000000, 0x00000000c3680000, 0x00000000eab00000)
  object space 55808K, 2% used [0x00000000c0000000,0x00000000c01363b8,0x00000000c3680000)
 Metaspace       used 4671K, capacity 6256K, committed 6528K, reserved 1056768K
  class space    used 533K, capacity 616K, committed 640K, reserved 1048576K
Event: 1.150 GC heap after
Heap after GC invocations=8 (full 0):
 PSYoungGen      total 5632K, used 896K [0x00000000eab00000, 0x00000000eb200000, 0x0000000100000000)
  eden space 4096K, 0% used [0x00000000eab00000,0x00000000eab00000,0x00000000eaf00000)
  from space 1536K, 58% used [0x00000000eb080000,0x00000000eb160018,0x00000000eb200000)
  to   space 1536K, 0% used [0x00000000eaf00000,0x00000000eaf00000,0x00000000eb080000)
 ParOldGen       total 55808K, used 1336K [0x00000000c0000000, 0x00000000c3680000, 0x00000000eab00000)
  object space 55808K, 2% used [0x00000000c0000000,0x00000000c014e3b8,0x00000000c3680000)
 Metaspace       used 4671K, capacity 6256K, committed 6528K, reserved 1056768K
  class space    used 533K, capacity 616K, committed 640K, reserved 1048576K
}
Event: 1.443 GC heap before
{Heap before GC invocations=9 (full 0):
 PSYoungGen      total 5632K, used 4992K [0x00000000eab00000, 0x00000000eb200000, 0x0000000100000000)
  eden space 4096K, 100% used [0x00000000eab00000,0x00000000eaf00000,0x00000000eaf00000)
  from space 1536K, 58% used [0x00000000eb080000,0x00000000eb160018,0x00000000eb200000)
  to   space 1536K, 0% used [0x00000000eaf00000,0x00000000eaf00000,0x00000000eb080000)
 ParOldGen       total 55808K, used 1336K [0x00000000c0000000, 0x00000000c3680000, 0x00000000eab00000)
  object space 55808K, 2% used [0x00000000c0000000,0x00000000c014e3b8,0x00000000c3680000)
 Metaspace       used 4881K, capacity 6448K, committed 6528K, reserved 1056768K
  class space    used 536K, capacity 616K, committed 640K, reserved 1048576K
Event: 1.447 GC heap after
Heap after GC invocations=9 (full 0):
 PSYoungGen      total 5632K, used 1504K [0x00000000eab00000, 0x00000000eb580000, 0x0000000100000000)
  eden space 4096K, 0% used [0x00000000eab00000,0x00000000eab00000,0x00000000eaf00000)
  from space 1536K, 97% used [0x00000000eaf00000,0x00000000eb078018,0x00000000eb080000)
  to   space 2048K, 0% used [0x00000000eb380000,0x00000000eb380000,0x00000000eb580000)
 ParOldGen       total 55808K, used 1491K [0x00000000c0000000, 0x00000000c3680000, 0x00000000eab00000)
  object space 55808K, 2% used [0x00000000c0000000,0x00000000c0174d38,0x00000000c3680000)
 Metaspace       used 4881K, capacity 6448K, committed 6528K, reserved 1056768K
  class space    used 536K, capacity 616K, committed 640K, reserved 1048576K
}

Deoptimization events (10 events):
Event: 1.231 Thread 0x00000000027f0800 Uncommon trap: reason=bimorphic action=maybe_recompile pc=0x0000000002b4e560 method=java.util.HashMap.getNode(ILjava/lang/Object;)Ljava/util/HashMap$Node; @ 126
Event: 1.231 Thread 0x00000000027f0800 Uncommon trap: reason=bimorphic action=maybe_recompile pc=0x0000000002b4e560 method=java.util.HashMap.getNode(ILjava/lang/Object;)Ljava/util/HashMap$Node; @ 126
Event: 1.232 Thread 0x00000000027f0800 Uncommon trap: reason=bimorphic action=maybe_recompile pc=0x0000000002b4e560 method=java.util.HashMap.getNode(ILjava/lang/Object;)Ljava/util/HashMap$Node; @ 126
Event: 1.232 Thread 0x00000000027f0800 Uncommon trap: reason=bimorphic action=maybe_recompile pc=0x0000000002b4e560 method=java.util.HashMap.getNode(ILjava/lang/Object;)Ljava/util/HashMap$Node; @ 126
Event: 1.232 Thread 0x00000000027f0800 Uncommon trap: reason=bimorphic action=maybe_recompile pc=0x0000000002b15c90 method=java.util.HashMap.getNode(ILjava/lang/Object;)Ljava/util/HashMap$Node; @ 126
Event: 1.341 Thread 0x00000000027f0800 Uncommon trap: reason=class_check action=maybe_recompile pc=0x0000000002b6cdf0 method=com.android.dx.ssa.NormalSsaInsn.accept(Lcom/android/dx/ssa/SsaInsn$Visitor;)V @ 9
Event: 1.362 Thread 0x00000000027f0800 Uncommon trap: reason=class_check action=maybe_recompile pc=0x0000000002c71c18 method=com.android.dx.ssa.NormalSsaInsn.accept(Lcom/android/dx/ssa/SsaInsn$Visitor;)V @ 9
Event: 1.362 Thread 0x00000000027f0800 Uncommon trap: reason=class_check action=maybe_recompile pc=0x0000000002c71c18 method=com.android.dx.ssa.NormalSsaInsn.accept(Lcom/android/dx/ssa/SsaInsn$Visitor;)V @ 9
Event: 1.362 Thread 0x00000000027f0800 Uncommon trap: reason=class_check action=maybe_recompile pc=0x0000000002c71c18 method=com.android.dx.ssa.NormalSsaInsn.accept(Lcom/android/dx/ssa/SsaInsn$Visitor;)V @ 9
Event: 1.363 Thread 0x00000000027f0800 Uncommon trap: reason=class_check action=maybe_recompile pc=0x0000000002b6cdf0 method=com.android.dx.ssa.NormalSsaInsn.accept(Lcom/android/dx/ssa/SsaInsn$Visitor;)V @ 9

Internal exceptions (2 events):
Event: 0.368 Thread 0x00000000027f0800 Exception <a 'java/lang/NoSuchMethodError': Method sun.misc.Unsafe.defineClass(Ljava/lang/String;[BII)Ljava/lang/Class; name or signature does not match> (0x00000000eab0ee70) thrown at [D:\re\workspace\8-2-build-windows-amd64-cygwin\jdk8u5\2488\hotspot\src¥Gé‡×?
Event: 0.368 Thread 0x00000000027f0800 Exception <a 'java/lang/NoSuchMethodError': Method sun.misc.Unsafe.prefetchRead(Ljava/lang/Object;J)V name or signature does not match> (0x00000000eab0f100) thrown at [D:\re\workspace\8-2-build-windows-amd64-cygwin\jdk8u5\2488\hotspot\src\share\vm\prims\jn

Events (10 events):
Event: 1.362 Thread 0x00000000027f0800 DEOPT PACKING pc=0x0000000002c71c18 sp=0x00000000027de830
Event: 1.362 Thread 0x00000000027f0800 DEOPT UNPACKING pc=0x00000000029455af sp=0x00000000027de7f0 mode 2
Event: 1.362 Thread 0x00000000027f0800 Uncommon trap: trap_request=0xffffffde fr.pc=0x0000000002c71c18
Event: 1.362 Thread 0x00000000027f0800 DEOPT PACKING pc=0x0000000002c71c18 sp=0x00000000027de780
Event: 1.362 Thread 0x00000000027f0800 DEOPT UNPACKING pc=0x00000000029455af sp=0x00000000027de740 mode 2
Event: 1.363 Thread 0x00000000027f0800 Uncommon trap: trap_request=0xffffffde fr.pc=0x0000000002b6cdf0
Event: 1.363 Thread 0x00000000027f0800 DEOPT PACKING pc=0x0000000002b6cdf0 sp=0x00000000027deb00
Event: 1.363 Thread 0x00000000027f0800 DEOPT UNPACKING pc=0x00000000029455af sp=0x00000000027deaa0 mode 2
Event: 1.443 Executing VM operation: ParallelGCFailedAllocation
Event: 1.447 Executing VM operation: ParallelGCFailedAllocation done


Dynamic libraries:
0x00007ff63f310000 - 0x00007ff63f344000 	C:\WINDOWS\system32\java.exe
0x00007ffb5f390000 - 0x00007ffb5f53a000 	C:\WINDOWS\SYSTEM32\ntdll.dll
0x00007ffb5d7e0000 - 0x00007ffb5d91a000 	C:\WINDOWS\system32\KERNEL32.DLL
0x00007ffb5c820000 - 0x00007ffb5c92f000 	C:\WINDOWS\system32\KERNELBASE.dll
0x00007ffb5b190000 - 0x00007ffb5b218000 	C:\WINDOWS\system32\apphelp.dll
0x00007ffb50d80000 - 0x00007ffb50dcf000 	C:\WINDOWS\AppPatch\AppPatch64\AcGenral.DLL
0x00007ffb5f190000 - 0x00007ffb5f237000 	C:\WINDOWS\system32\msvcrt.dll
0x00007ffb5c540000 - 0x00007ffb5c56b000 	C:\WINDOWS\system32\SspiCli.dll
0x00007ffb5dd10000 - 0x00007ffb5dd61000 	C:\WINDOWS\system32\SHLWAPI.dll
0x00007ffb5cff0000 - 0x00007ffb5d161000 	C:\WINDOWS\system32\USER32.dll
0x00007ffb5d4e0000 - 0x00007ffb5d658000 	C:\WINDOWS\system32\ole32.dll
0x00007ffb5dd70000 - 0x00007ffb5f190000 	C:\WINDOWS\system32\SHELL32.dll
0x00007ffb5bd10000 - 0x00007ffb5bd2e000 	C:\WINDOWS\system32\USERENV.dll
0x00007ffb5d6d0000 - 0x00007ffb5d775000 	C:\WINDOWS\system32\ADVAPI32.dll
0x00007ffb4c3a0000 - 0x00007ffb4c3bb000 	C:\WINDOWS\system32\MPR.dll
0x00007ffb5db10000 - 0x00007ffb5dc46000 	C:\WINDOWS\system32\RPCRT4.dll
0x00007ffb5d170000 - 0x00007ffb5d1c7000 	C:\WINDOWS\SYSTEM32\sechost.dll
0x00007ffb5ce10000 - 0x00007ffb5cfe6000 	C:\WINDOWS\SYSTEM32\combase.dll
0x00007ffb5f240000 - 0x00007ffb5f384000 	C:\WINDOWS\system32\GDI32.dll
0x00007ffb5c700000 - 0x00007ffb5c714000 	C:\WINDOWS\system32\profapi.dll
0x00007ffb5a970000 - 0x00007ffb5aa0f000 	C:\WINDOWS\system32\SHCORE.dll
0x00007ffb5d920000 - 0x00007ffb5d954000 	C:\WINDOWS\system32\IMM32.DLL
0x00007ffb5d390000 - 0x00007ffb5d4c9000 	C:\WINDOWS\system32\MSCTF.dll
0x00007ffb5a1c0000 - 0x00007ffb5a41a000 	C:\WINDOWS\WinSxS\amd64_microsoft.windows.common-controls_6595b64144ccf1df_6.0.9600.17031_none_6242a4b3ecbb55a1\COMCTL32.dll
0x0000000061a50000 - 0x0000000061b22000 	C:\Program Files\Java\jre8\bin\msvcr100.dll
0x0000000060420000 - 0x0000000060c4a000 	C:\Program Files\Java\jre8\bin\server\jvm.dll
0x00007ffb55300000 - 0x00007ffb55309000 	C:\WINDOWS\system32\WSOCK32.dll
0x00007ffb563b0000 - 0x00007ffb563cf000 	C:\WINDOWS\system32\WINMM.dll
0x00007ffb5d380000 - 0x00007ffb5d387000 	C:\WINDOWS\system32\PSAPI.DLL
0x00007ffb5d670000 - 0x00007ffb5d6c8000 	C:\WINDOWS\system32\WS2_32.dll
0x00007ffb56310000 - 0x00007ffb5633a000 	C:\WINDOWS\system32\WINMMBASE.dll
0x00007ffb5db00000 - 0x00007ffb5db09000 	C:\WINDOWS\system32\NSI.dll
0x00007ffb5c7d0000 - 0x00007ffb5c81a000 	C:\WINDOWS\SYSTEM32\cfgmgr32.dll
0x00007ffb5b5b0000 - 0x00007ffb5b5d6000 	C:\WINDOWS\system32\DEVOBJ.dll
0x0000000061a40000 - 0x0000000061a4f000 	C:\Program Files\Java\jre8\bin\verify.dll
0x0000000061a10000 - 0x0000000061a38000 	C:\Program Files\Java\jre8\bin\java.dll
0x00000000619f0000 - 0x0000000061a06000 	C:\Program Files\Java\jre8\bin\zip.dll
0x00007ffb38c00000 - 0x00007ffb38d88000 	C:\WINDOWS\system32\dbghelp.dll

VM Arguments:
jvm_args: -Xmx1024M -Xss1m -Djava.ext.dirs=C:\Users\Tanmay\AppData\Local\Android\android-sdk\build-tools\20.0.0\lib 
java_command: C:\Users\Tanmay\AppData\Local\Android\android-sdk\build-tools\20.0.0\lib\dx.jar --dex --output C:\Users\Tanmay\Desktop\Code\Projects\RyersonApp\app\build\intermediates\pre-dexed\debug\classes-46a7f9c0abc376dce11ecb6d9794bb619d9c10f2.jar C:\Users\Tanmay\Desktop\Code\Projects\RyersonApp\app\build\intermediates\exploded-aar\com.android.support\support-v4\20.0.0\classes.jar
java_class_path (initial): C:\Users\Tanmay\AppData\Local\Android\android-sdk\build-tools\20.0.0\lib\dx.jar
Launcher Type: SUN_STANDARD

Environment Variables:
JAVA_HOME=C:\Program Files\Java\jdk1.8.0_05
CLASSPATH=.;C:\Program Files (x86)\Java\jre7\lib\ext\QTJava.zip
PATH=C:\WINDOWS\system32;C:\WINDOWS;C:\WINDOWS\System32\Wbem;C:\WINDOWS\System32\WindowsPowerShell\v1.0\;C:\Program Files\Intel\WiFi\bin\;C:\Program Files\Common Files\Intel\WirelessCommon\;C:\Program Files (x86)\QuickTime\QTSystem\;C:\Program Files\jEdit;C:\Program Files\Java\jdk1.8.0_05\bin
USERNAME=Tanmay
OS=Windows_NT
PROCESSOR_IDENTIFIER=Intel64 Family 6 Model 58 Stepping 9, GenuineIntel



---------------  S Y S T E M  ---------------

OS: Windows 8.1 , 64 bit Build 9600 

CPU:total 4 (2 cores per cpu, 2 threads per core) family 6 model 58 stepping 9, cmov, cx8, fxsr, mmx, sse, sse2, sse3, ssse3, sse4.1, sse4.2, popcnt, avx, aes, clmul, erms, ht, tsc, tscinvbit

Memory: 4k page, physical 3618732k(113032k free), swap 7813036k(4548k free)

vm_info: Java HotSpot(TM) 64-Bit Server VM (25.5-b02) for windows-amd64 JRE (1.8.0_05-b13), built on Mar 18 2014 01:08:39 by "java_re" with MS VC++ 10.0 (VS2010)

time: Fri Aug 01 00:35:15 2014
elapsed time: 1 seconds

