#
# There is insufficient memory for the Java Runtime Environment to continue.
# Native memory allocation (malloc) failed to allocate 773936 bytes for Chunk::new
# Possible reasons:
#   The system is out of physical RAM or swap space
#   In 32 bit mode, the process size limit was hit
# Possible solutions:
#   Reduce memory load on the system
#   Increase physical memory or swap space
#   Check if swap backing store is full
#   Use 64 bit Java on a 64 bit OS
#   Decrease Java heap size (-Xmx/-Xms)
#   Decrease number of Java threads
#   Decrease Java thread stack sizes (-Xss)
#   Set larger code cache with -XX:ReservedCodeCacheSize=
# This output file may be truncated or incomplete.
#
#  Out of Memory Error (allocation.cpp:388), pid=4692, tid=2448
#
# JRE version: Java(TM) SE Runtime Environment (8.0_05-b13) (build 1.8.0_05-b13)
# Java VM: Java HotSpot(TM) 64-Bit Server VM (25.5-b02 mixed mode windows-amd64 compressed oops)
# Failed to write core dump. Minidumps are not enabled by default on client versions of Windows
#

---------------  T H R E A D  ---------------

Current thread (0x00000000153f6000):  JavaThread "C2 CompilerThread1" daemon [_thread_in_native, id=2448, stack(0x0000000016a40000,0x0000000016b40000)]

Stack: [0x0000000016a40000,0x0000000016b40000]
Native frames: (J=compiled Java code, j=interpreted, Vv=VM code, C=native code)
V  [jvm.dll+0x308dea]
V  [jvm.dll+0x25def1]
V  [jvm.dll+0x25eb0f]
V  [jvm.dll+0x2564e5]
V  [jvm.dll+0xbcfc5]
V  [jvm.dll+0xbd45c]
V  [jvm.dll+0x468bac]
V  [jvm.dll+0x436244]
V  [jvm.dll+0x44111e]
V  [jvm.dll+0x4436a9]
V  [jvm.dll+0x427532]
V  [jvm.dll+0x96702]
V  [jvm.dll+0x96ef3]
V  [jvm.dll+0x2232c4]
V  [jvm.dll+0x27baca]
C  [msvcr100.dll+0x21d9f]
C  [msvcr100.dll+0x21e3b]
C  [KERNEL32.DLL+0x16ad]
C  [ntdll.dll+0x74629]


Current CompileTask:
C2:   2799 2313       4       com.android.dx.merge.DexMerger::transformCode (252 bytes)


---------------  P R O C E S S  ---------------

Java Threads: ( => current thread )
  0x0000000016c50800 JavaThread "Service Thread" daemon [_thread_blocked, id=1528, stack(0x0000000017040000,0x0000000017140000)]
  0x00000000153f9800 JavaThread "C1 CompilerThread2" daemon [_thread_blocked, id=2796, stack(0x0000000016b40000,0x0000000016c40000)]
=>0x00000000153f6000 JavaThread "C2 CompilerThread1" daemon [_thread_in_native, id=2448, stack(0x0000000016a40000,0x0000000016b40000)]
  0x00000000153ed800 JavaThread "C2 CompilerThread0" daemon [_thread_in_native, id=8196, stack(0x0000000016940000,0x0000000016a40000)]
  0x00000000153ec000 JavaThread "Attach Listener" daemon [_thread_blocked, id=7788, stack(0x0000000016840000,0x0000000016940000)]
  0x00000000153ea800 JavaThread "Signal Dispatcher" daemon [_thread_blocked, id=8832, stack(0x0000000016740000,0x0000000016840000)]
  0x0000000002d16000 JavaThread "Finalizer" daemon [_thread_blocked, id=4612, stack(0x0000000016640000,0x0000000016740000)]
  0x00000000153b8000 JavaThread "Reference Handler" daemon [_thread_blocked, id=1544, stack(0x0000000016540000,0x0000000016640000)]
  0x0000000002c1e000 JavaThread "main" [_thread_in_Java, id=6944, stack(0x0000000002b10000,0x0000000002c10000)]

Other Threads:
  0x00000000153b5800 VMThread [stack: 0x0000000016440000,0x0000000016540000] [id=6084]
  0x000000001544d000 WatcherThread [stack: 0x0000000017140000,0x0000000017240000] [id=8392]

VM state:not at safepoint (normal execution)

VM Mutex/Monitor currently owned by a thread: None

Heap:
 PSYoungGen      total 43520K, used 27337K [0x00000000eab00000, 0x00000000ee100000, 0x0000000100000000)
  eden space 34816K, 56% used [0x00000000eab00000,0x00000000ebe59838,0x00000000ecd00000)
  from space 8704K, 86% used [0x00000000ed680000,0x00000000eddd8cf0,0x00000000edf00000)
  to   space 9728K, 0% used [0x00000000ecd00000,0x00000000ecd00000,0x00000000ed680000)
 ParOldGen       total 55808K, used 40256K [0x00000000c0000000, 0x00000000c3680000, 0x00000000eab00000)
  object space 55808K, 72% used [0x00000000c0000000,0x00000000c2750018,0x00000000c3680000)
 Metaspace       used 7134K, capacity 7544K, committed 7808K, reserved 1056768K
  class space    used 766K, capacity 816K, committed 896K, reserved 1048576K

Card table byte_map: [0x00000000120e0000,0x00000000122f0000] byte_map_base: 0x0000000011ae0000

Marking Bits: (ParMarkBitMap*) 0x00000000614013b0
 Begin Bits: [0x0000000012850000, 0x0000000013850000)
 End Bits:   [0x0000000013850000, 0x0000000014850000)

Polling page: 0x0000000001130000

CodeCache: size=245760Kb used=7428Kb max_used=7428Kb free=238332Kb
 bounds [0x0000000002d20000, 0x0000000003470000, 0x0000000011d20000]
 total_blobs=2677 nmethods=2389 adapters=202
 compilation: enabled

Compilation events (10 events):
Event: 2.566 Thread 0x00000000153f9800 2392       2       com.android.dx.io.instructions.InstructionCodec$34::encode (192 bytes)
Event: 2.568 Thread 0x00000000153f9800 nmethod 2392 0x0000000003456210 code [0x0000000003456440, 0x0000000003456de8]
Event: 2.611 Thread 0x00000000153f9800 2395       2       java.util.regex.Pattern$Branch::match (66 bytes)
Event: 2.612 Thread 0x00000000153f9800 nmethod 2395 0x00000000034577d0 code [0x0000000003457960, 0x0000000003457c38]
Event: 2.612 Thread 0x00000000153f9800 2396       2       java.util.concurrent.ConcurrentHashMap::get (162 bytes)
Event: 2.613 Thread 0x00000000153f9800 nmethod 2396 0x0000000003457e10 code [0x0000000003457fc0, 0x00000000034584b8]
Event: 2.613 Thread 0x00000000153f9800 2397       2       com.android.dex.TableOfContents::getSection (68 bytes)
Event: 2.614 Thread 0x00000000153f9800 nmethod 2397 0x0000000003458850 code [0x0000000003458a00, 0x0000000003458e38]
Event: 2.627 Thread 0x00000000153f9800 2400       2       java.util.ComparableTimSort::mergeAt (356 bytes)
Event: 2.628 Thread 0x00000000153f9800 nmethod 2400 0x0000000003459150 code [0x0000000003459300, 0x0000000003459798]

GC Heap History (10 events):
Event: 2.184 GC heap before
{Heap before GC invocations=17 (full 0):
 PSYoungGen      total 18432K, used 18417K [0x00000000eab00000, 0x00000000ec400000, 0x0000000100000000)
  eden space 15872K, 100% used [0x00000000eab00000,0x00000000eba80000,0x00000000eba80000)
  from space 2560K, 99% used [0x00000000ebe80000,0x00000000ec0fc430,0x00000000ec100000)
  to   space 4096K, 0% used [0x00000000eba80000,0x00000000eba80000,0x00000000ebe80000)
 ParOldGen       total 55808K, used 10022K [0x00000000c0000000, 0x00000000c3680000, 0x00000000eab00000)
  object space 55808K, 17% used [0x00000000c0000000,0x00000000c09c9ba8,0x00000000c3680000)
 Metaspace       used 7099K, capacity 7544K, committed 7808K, reserved 1056768K
  class space    used 766K, capacity 816K, committed 896K, reserved 1048576K
Event: 2.190 GC heap after
Heap after GC invocations=17 (full 0):
 PSYoungGen      total 19968K, used 3485K [0x00000000eab00000, 0x00000000eca00000, 0x0000000100000000)
  eden space 15872K, 0% used [0x00000000eab00000,0x00000000eab00000,0x00000000eba80000)
  from space 4096K, 85% used [0x00000000eba80000,0x00000000ebde74d8,0x00000000ebe80000)
  to   space 4608K, 0% used [0x00000000ec580000,0x00000000ec580000,0x00000000eca00000)
 ParOldGen       total 55808K, used 11003K [0x00000000c0000000, 0x00000000c3680000, 0x00000000eab00000)
  object space 55808K, 19% used [0x00000000c0000000,0x00000000c0abeff0,0x00000000c3680000)
 Metaspace       used 7099K, capacity 7544K, committed 7808K, reserved 1056768K
  class space    used 766K, capacity 816K, committed 896K, reserved 1048576K
}
Event: 2.257 GC heap before
{Heap before GC invocations=18 (full 0):
 PSYoungGen      total 19968K, used 19357K [0x00000000eab00000, 0x00000000eca00000, 0x0000000100000000)
  eden space 15872K, 100% used [0x00000000eab00000,0x00000000eba80000,0x00000000eba80000)
  from space 4096K, 85% used [0x00000000eba80000,0x00000000ebde74d8,0x00000000ebe80000)
  to   space 4608K, 0% used [0x00000000ec580000,0x00000000ec580000,0x00000000eca00000)
 ParOldGen       total 55808K, used 11003K [0x00000000c0000000, 0x00000000c3680000, 0x00000000eab00000)
  object space 55808K, 19% used [0x00000000c0000000,0x00000000c0abeff0,0x00000000c3680000)
 Metaspace       used 7104K, capacity 7544K, committed 7808K, reserved 1056768K
  class space    used 766K, capacity 816K, committed 896K, reserved 1048576K
Event: 2.268 GC heap after
Heap after GC invocations=18 (full 0):
 PSYoungGen      total 23040K, used 4593K [0x00000000eab00000, 0x00000000ed200000, 0x0000000100000000)
  eden space 18432K, 0% used [0x00000000eab00000,0x00000000eab00000,0x00000000ebd00000)
  from space 4608K, 99% used [0x00000000ec580000,0x00000000ec9fc718,0x00000000eca00000)
  to   space 8704K, 0% used [0x00000000ebd00000,0x00000000ebd00000,0x00000000ec580000)
 ParOldGen       total 55808K, used 19751K [0x00000000c0000000, 0x00000000c3680000, 0x00000000eab00000)
  object space 55808K, 35% used [0x00000000c0000000,0x00000000c1349f70,0x00000000c3680000)
 Metaspace       used 7104K, capacity 7544K, committed 7808K, reserved 1056768K
  class space    used 766K, capacity 816K, committed 896K, reserved 1048576K
}
Event: 2.380 GC heap before
{Heap before GC invocations=19 (full 0):
 PSYoungGen      total 23040K, used 23025K [0x00000000eab00000, 0x00000000ed200000, 0x0000000100000000)
  eden space 18432K, 100% used [0x00000000eab00000,0x00000000ebd00000,0x00000000ebd00000)
  from space 4608K, 99% used [0x00000000ec580000,0x00000000ec9fc718,0x00000000eca00000)
  to   space 8704K, 0% used [0x00000000ebd00000,0x00000000ebd00000,0x00000000ec580000)
 ParOldGen       total 55808K, used 19751K [0x00000000c0000000, 0x00000000c3680000, 0x00000000eab00000)
  object space 55808K, 35% used [0x00000000c0000000,0x00000000c1349f70,0x00000000c3680000)
 Metaspace       used 7107K, capacity 7544K, committed 7808K, reserved 1056768K
  class space    used 766K, capacity 816K, committed 896K, reserved 1048576K
Event: 2.388 GC heap after
Heap after GC invocations=19 (full 0):
 PSYoungGen      total 27136K, used 1710K [0x00000000eab00000, 0x00000000ed480000, 0x0000000100000000)
  eden space 18432K, 0% used [0x00000000eab00000,0x00000000eab00000,0x00000000ebd00000)
  from space 8704K, 19% used [0x00000000ebd00000,0x00000000ebeaba88,0x00000000ec580000)
  to   space 8192K, 0% used [0x00000000ecc80000,0x00000000ecc80000,0x00000000ed480000)
 ParOldGen       total 55808K, used 32170K [0x00000000c0000000, 0x00000000c3680000, 0x00000000eab00000)
  object space 55808K, 57% used [0x00000000c0000000,0x00000000c1f6aa30,0x00000000c3680000)
 Metaspace       used 7107K, capacity 7544K, committed 7808K, reserved 1056768K
  class space    used 766K, capacity 816K, committed 896K, reserved 1048576K
}
Event: 2.470 GC heap before
{Heap before GC invocations=20 (full 0):
 PSYoungGen      total 27136K, used 20142K [0x00000000eab00000, 0x00000000ed480000, 0x0000000100000000)
  eden space 18432K, 100% used [0x00000000eab00000,0x00000000ebd00000,0x00000000ebd00000)
  from space 8704K, 19% used [0x00000000ebd00000,0x00000000ebeaba88,0x00000000ec580000)
  to   space 8192K, 0% used [0x00000000ecc80000,0x00000000ecc80000,0x00000000ed480000)
 ParOldGen       total 55808K, used 32170K [0x00000000c0000000, 0x00000000c3680000, 0x00000000eab00000)
  object space 55808K, 57% used [0x00000000c0000000,0x00000000c1f6aa30,0x00000000c3680000)
 Metaspace       used 7110K, capacity 7544K, committed 7808K, reserved 1056768K
  class space    used 766K, capacity 816K, committed 896K, reserved 1048576K
Event: 2.478 GC heap after
Heap after GC invocations=20 (full 0):
 PSYoungGen      total 33792K, used 6339K [0x00000000eab00000, 0x00000000ed580000, 0x0000000100000000)
  eden space 25600K, 0% used [0x00000000eab00000,0x00000000eab00000,0x00000000ec400000)
  from space 8192K, 77% used [0x00000000ecc80000,0x00000000ed2b0d18,0x00000000ed480000)
  to   space 8704K, 0% used [0x00000000ec400000,0x00000000ec400000,0x00000000ecc80000)
 ParOldGen       total 55808K, used 32390K [0x00000000c0000000, 0x00000000c3680000, 0x00000000eab00000)
  object space 55808K, 58% used [0x00000000c0000000,0x00000000c1fa1a60,0x00000000c3680000)
 Metaspace       used 7110K, capacity 7544K, committed 7808K, reserved 1056768K
  class space    used 766K, capacity 816K, committed 896K, reserved 1048576K
}
Event: 2.586 GC heap before
{Heap before GC invocations=21 (full 0):
 PSYoungGen      total 33792K, used 31939K [0x00000000eab00000, 0x00000000ed580000, 0x0000000100000000)
  eden space 25600K, 100% used [0x00000000eab00000,0x00000000ec400000,0x00000000ec400000)
  from space 8192K, 77% used [0x00000000ecc80000,0x00000000ed2b0d18,0x00000000ed480000)
  to   space 8704K, 0% used [0x00000000ec400000,0x00000000ec400000,0x00000000ecc80000)
 ParOldGen       total 55808K, used 32390K [0x00000000c0000000, 0x00000000c3680000, 0x00000000eab00000)
  object space 55808K, 58% used [0x00000000c0000000,0x00000000c1fa1a60,0x00000000c3680000)
 Metaspace       used 7129K, capacity 7544K, committed 7808K, reserved 1056768K
  class space    used 766K, capacity 816K, committed 896K, reserved 1048576K
Event: 2.589 GC heap after
Heap after GC invocations=21 (full 0):
 PSYoungGen      total 34304K, used 3584K [0x00000000eab00000, 0x00000000edf00000, 0x0000000100000000)
  eden space 25600K, 0% used [0x00000000eab00000,0x00000000eab00000,0x00000000ec400000)
  from space 8704K, 41% used [0x00000000ec400000,0x00000000ec780308,0x00000000ecc80000)
  to   space 8704K, 0% used [0x00000000ed680000,0x00000000ed680000,0x00000000edf00000)
 ParOldGen       total 55808K, used 32398K [0x00000000c0000000, 0x00000000c3680000, 0x00000000eab00000)
  object space 55808K, 58% used [0x00000000c0000000,0x00000000c1fa3a60,0x00000000c3680000)
 Metaspace       used 7129K, capacity 7544K, committed 7808K, reserved 1056768K
  class space    used 766K, capacity 816K, committed 896K, reserved 1048576K
}

Deoptimization events (10 events):
Event: 1.475 Thread 0x0000000002c1e000 Uncommon trap: reason=class_check action=maybe_recompile pc=0x0000000003257124 method=java.util.HashMap.putVal(ILjava/lang/Object;Ljava/lang/Object;ZZ)Ljava/lang/Object; @ 56
Event: 1.475 Thread 0x0000000002c1e000 Uncommon trap: reason=class_check action=maybe_recompile pc=0x0000000003257178 method=java.util.HashMap.putVal(ILjava/lang/Object;Ljava/lang/Object;ZZ)Ljava/lang/Object; @ 152
Event: 1.475 Thread 0x0000000002c1e000 Uncommon trap: reason=class_check action=maybe_recompile pc=0x0000000003257124 method=java.util.HashMap.putVal(ILjava/lang/Object;Ljava/lang/Object;ZZ)Ljava/lang/Object; @ 56
Event: 1.475 Thread 0x0000000002c1e000 Uncommon trap: reason=class_check action=maybe_recompile pc=0x0000000003257124 method=java.util.HashMap.putVal(ILjava/lang/Object;Ljava/lang/Object;ZZ)Ljava/lang/Object; @ 56
Event: 1.831 Thread 0x0000000002c1e000 Uncommon trap: reason=class_check action=maybe_recompile pc=0x00000000030681e4 method=java.util.ArrayList.<init>(Ljava/util/Collection;)V @ 6
Event: 1.844 Thread 0x0000000002c1e000 Uncommon trap: reason=class_check action=maybe_recompile pc=0x00000000030681e4 method=java.util.ArrayList.<init>(Ljava/util/Collection;)V @ 6
Event: 1.919 Thread 0x0000000002c1e000 Uncommon trap: reason=predicate action=maybe_recompile pc=0x000000000333bcf4 method=com.android.dex.Leb128.readUnsignedLeb128(Lcom/android/dex/util/ByteInput;)I @ 41
Event: 1.936 Thread 0x0000000002c1e000 Uncommon trap: reason=unreached action=reinterpret pc=0x000000000339cf3c method=java.util.HashMap.putVal(ILjava/lang/Object;Ljava/lang/Object;ZZ)Ljava/lang/Object; @ 109
Event: 1.966 Thread 0x0000000002c1e000 Uncommon trap: reason=unreached action=reinterpret pc=0x00000000032606d4 method=java.util.HashMap.getNode(ILjava/lang/Object;)Ljava/util/HashMap$Node; @ 84
Event: 1.968 Thread 0x0000000002c1e000 Uncommon trap: reason=unreached action=reinterpret pc=0x000000000325b670 method=java.util.HashMap.getNode(ILjava/lang/Object;)Ljava/util/HashMap$Node; @ 84

Internal exceptions (8 events):
Event: 0.032 Thread 0x0000000002c1e000 Exception <a 'java/lang/NoSuchMethodError': Method sun.misc.Unsafe.defineClass(Ljava/lang/String;[BII)Ljava/lang/Class; name or signature does not match> (0x00000000eab0f740) thrown at [D:\re\workspace\8-2-build-windows-amd64-cygwin\jdk8u5\2488\hotspot\srcdy§9 ?
Event: 0.032 Thread 0x0000000002c1e000 Exception <a 'java/lang/NoSuchMethodError': Method sun.misc.Unsafe.prefetchRead(Ljava/lang/Object;J)V name or signature does not match> (0x00000000eab0fa28) thrown at [D:\re\workspace\8-2-build-windows-amd64-cygwin\jdk8u5\2488\hotspot\src\share\vm\prims\jn}wØï{7ý?
Event: 1.826 Thread 0x0000000002c1e000 Exception <a 'java/security/PrivilegedActionException'> (0x00000000eaf04c80) thrown at [D:\re\workspace\8-2-build-windows-amd64-cygwin\jdk8u5\2488\hotspot\src\share\vm\prims\jvm.cpp, line 1248]
Event: 1.826 Thread 0x0000000002c1e000 Exception <a 'java/security/PrivilegedActionException'> (0x00000000eaf04fc8) thrown at [D:\re\workspace\8-2-build-windows-amd64-cygwin\jdk8u5\2488\hotspot\src\share\vm\prims\jvm.cpp, line 1248]
Event: 1.828 Thread 0x0000000002c1e000 Exception <a 'java/security/PrivilegedActionException'> (0x00000000eaf09080) thrown at [D:\re\workspace\8-2-build-windows-amd64-cygwin\jdk8u5\2488\hotspot\src\share\vm\prims\jvm.cpp, line 1248]
Event: 1.828 Thread 0x0000000002c1e000 Exception <a 'java/security/PrivilegedActionException'> (0x00000000eaf093c8) thrown at [D:\re\workspace\8-2-build-windows-amd64-cygwin\jdk8u5\2488\hotspot\src\share\vm\prims\jvm.cpp, line 1248]
Event: 1.846 Thread 0x0000000002c1e000 Exception <a 'java/security/PrivilegedActionException'> (0x00000000eaf1be40) thrown at [D:\re\workspace\8-2-build-windows-amd64-cygwin\jdk8u5\2488\hotspot\src\share\vm\prims\jvm.cpp, line 1248]
Event: 1.846 Thread 0x0000000002c1e000 Exception <a 'java/security/PrivilegedActionException'> (0x00000000eaf1e0c0) thrown at [D:\re\workspace\8-2-build-windows-amd64-cygwin\jdk8u5\2488\hotspot\src\share\vm\prims\jvm.cpp, line 1248]

Events (10 events):
Event: 2.586 Executing VM operation: ParallelGCFailedAllocation
Event: 2.589 Executing VM operation: ParallelGCFailedAllocation done
Event: 2.591 Thread 0x0000000002c1e000 DEOPT PACKING pc=0x00000000033e307b sp=0x0000000002c0edd0
Event: 2.591 Thread 0x0000000002c1e000 DEOPT UNPACKING pc=0x0000000002d67604 sp=0x0000000002c0eb48 mode 0
Event: 2.596 Thread 0x0000000002c1e000 DEOPT PACKING pc=0x00000000033e307b sp=0x0000000002c0edd0
Event: 2.596 Thread 0x0000000002c1e000 DEOPT UNPACKING pc=0x0000000002d67604 sp=0x0000000002c0eb48 mode 0
Event: 2.602 Thread 0x0000000002c1e000 DEOPT PACKING pc=0x00000000033e307b sp=0x0000000002c0edd0
Event: 2.602 Thread 0x0000000002c1e000 DEOPT UNPACKING pc=0x0000000002d67604 sp=0x0000000002c0eb48 mode 0
Event: 2.607 Thread 0x0000000002c1e000 DEOPT PACKING pc=0x00000000033e307b sp=0x0000000002c0edd0
Event: 2.607 Thread 0x0000000002c1e000 DEOPT UNPACKING pc=0x0000000002d67604 sp=0x0000000002c0eb48 mode 0


Dynamic libraries:
0x00007ff60d480000 - 0x00007ff60d4b4000 	C:\PROGRA~1\Java\JDK18~1.0_0\bin\java.exe
0x00007ffb5f390000 - 0x00007ffb5f53a000 	C:\WINDOWS\SYSTEM32\ntdll.dll
0x00007ffb5d7e0000 - 0x00007ffb5d91a000 	C:\WINDOWS\system32\KERNEL32.DLL
0x00007ffb5c820000 - 0x00007ffb5c92f000 	C:\WINDOWS\system32\KERNELBASE.dll
0x00007ffb5b190000 - 0x00007ffb5b218000 	C:\WINDOWS\system32\apphelp.dll
0x00007ffb50d80000 - 0x00007ffb50dcf000 	C:\WINDOWS\AppPatch\AppPatch64\AcGenral.DLL
0x00007ffb5f190000 - 0x00007ffb5f237000 	C:\WINDOWS\system32\msvcrt.dll
0x00007ffb5c540000 - 0x00007ffb5c56b000 	C:\WINDOWS\SYSTEM32\SspiCli.dll
0x00007ffb5dd10000 - 0x00007ffb5dd61000 	C:\WINDOWS\system32\SHLWAPI.dll
0x00007ffb5cff0000 - 0x00007ffb5d161000 	C:\WINDOWS\system32\USER32.dll
0x00007ffb5d4e0000 - 0x00007ffb5d658000 	C:\WINDOWS\system32\ole32.dll
0x00007ffb5dd70000 - 0x00007ffb5f190000 	C:\WINDOWS\system32\SHELL32.dll
0x00007ffb5bd10000 - 0x00007ffb5bd2e000 	C:\WINDOWS\SYSTEM32\USERENV.dll
0x00007ffb5d6d0000 - 0x00007ffb5d775000 	C:\WINDOWS\system32\ADVAPI32.dll
0x00007ffb4c3a0000 - 0x00007ffb4c3bb000 	C:\WINDOWS\SYSTEM32\MPR.dll
0x00007ffb5db10000 - 0x00007ffb5dc46000 	C:\WINDOWS\system32\RPCRT4.dll
0x00007ffb5d170000 - 0x00007ffb5d1c7000 	C:\WINDOWS\SYSTEM32\sechost.dll
0x00007ffb5ce10000 - 0x00007ffb5cfe6000 	C:\WINDOWS\SYSTEM32\combase.dll
0x00007ffb5f240000 - 0x00007ffb5f384000 	C:\WINDOWS\system32\GDI32.dll
0x00007ffb5c700000 - 0x00007ffb5c714000 	C:\WINDOWS\SYSTEM32\profapi.dll
0x00007ffb5a970000 - 0x00007ffb5aa0f000 	C:\WINDOWS\SYSTEM32\SHCORE.dll
0x00007ffb5d920000 - 0x00007ffb5d954000 	C:\WINDOWS\system32\IMM32.DLL
0x00007ffb5d390000 - 0x00007ffb5d4c9000 	C:\WINDOWS\system32\MSCTF.dll
0x00007ffb5a1c0000 - 0x00007ffb5a41a000 	C:\WINDOWS\WinSxS\amd64_microsoft.windows.common-controls_6595b64144ccf1df_6.0.9600.17031_none_6242a4b3ecbb55a1\COMCTL32.dll
0x0000000061e50000 - 0x0000000061f22000 	C:\PROGRA~1\Java\JDK18~1.0_0\jre\bin\msvcr100.dll
0x0000000060c50000 - 0x000000006147a000 	C:\PROGRA~1\Java\JDK18~1.0_0\jre\bin\server\jvm.dll
0x00007ffb55300000 - 0x00007ffb55309000 	C:\WINDOWS\SYSTEM32\WSOCK32.dll
0x00007ffb563b0000 - 0x00007ffb563cf000 	C:\WINDOWS\SYSTEM32\WINMM.dll
0x00007ffb5d380000 - 0x00007ffb5d387000 	C:\WINDOWS\system32\PSAPI.DLL
0x00007ffb5d670000 - 0x00007ffb5d6c8000 	C:\WINDOWS\system32\WS2_32.dll
0x00007ffb56310000 - 0x00007ffb5633a000 	C:\WINDOWS\SYSTEM32\WINMMBASE.dll
0x00007ffb5db00000 - 0x00007ffb5db09000 	C:\WINDOWS\system32\NSI.dll
0x00007ffb5c7d0000 - 0x00007ffb5c81a000 	C:\WINDOWS\SYSTEM32\cfgmgr32.dll
0x00007ffb5b5b0000 - 0x00007ffb5b5d6000 	C:\WINDOWS\SYSTEM32\DEVOBJ.dll
0x00000000618b0000 - 0x00000000618bf000 	C:\PROGRA~1\Java\JDK18~1.0_0\jre\bin\verify.dll
0x0000000061880000 - 0x00000000618a8000 	C:\PROGRA~1\Java\JDK18~1.0_0\jre\bin\java.dll
0x0000000061860000 - 0x0000000061876000 	C:\PROGRA~1\Java\JDK18~1.0_0\jre\bin\zip.dll
0x00007ffb38c00000 - 0x00007ffb38d88000 	C:\WINDOWS\SYSTEM32\dbghelp.dll

VM Arguments:
jvm_args: -Xmx1024M -Xss1m -Djava.ext.dirs=C:\Users\Tanmay\AppData\Local\Android\android-sdk\build-tools\20.0.0\lib 
java_command: C:\Users\Tanmay\AppData\Local\Android\android-sdk\build-tools\20.0.0\lib\dx.jar --dex --num-threads 4 --output C:\Users\Tanmay\Desktop\Code\Projects\RyersonApp\app\build\intermediates\dex\debug C:\Users\Tanmay\Desktop\Code\Projects\RyersonApp\app\build\intermediates\classes\debug C:\Users\Tanmay\Desktop\Code\Projects\RyersonApp\app\build\intermediates\dependency-cache\debug C:\Users\Tanmay\Desktop\Code\Projects\RyersonApp\app\build\intermediates\pre-dexed\debug\classes-3d7b59811a0c5ec5ab75785c2d4673170082415b.jar C:\Users\Tanmay\Desktop\Code\Projects\RyersonApp\app\build\intermediates\pre-dexed\debug\classes-46a7f9c0abc376dce11ecb6d9794bb619d9c10f2.jar C:\Users\Tanmay\Desktop\Code\Projects\RyersonApp\app\build\intermediates\pre-dexed\debug\classes-747d3a939f3663c02a62ceb240c0c8d2869e92a0.jar C:\Users\Tanmay\Desktop\Code\Projects\RyersonApp\app\build\intermediates\pre-dexed\debug\classes-e2dc92f148425afdbb531ffc9b7aedead015a1be.jar C:\Users\Tanmay\Desktop\Code\Projects\RyersonApp\app\build\intermediates\pre-dexed\debug\internal_impl-20.0.0-c61ef9e16d2d7adf62e477df2c267236f788ab3e.jar C:\Users\Tanmay\Desktop\Code\Projects\RyersonApp\app\build\intermediates\pre-dexed\debug\library-2.4.0-60e11feff915b84a9999b5c30a7867e204b54407.jar C:\Users\Tanmay\Desktop\Code\Projects\RyersonApp\app\build\intermediates\pre-dexed\debug\picasso-2.3.2-f8aafa511f7c2ad3a68c3bb2d300b5ad976cf585.jar C:\Users\Tanmay\Desktop\Code\Projects\RyersonApp\app\build\intermediates\pre-dexed\debug\support-annotations-20.0.0-1bd50ebd8f78d56f021742f6df365b7db63832a0.jar
java_class_path (initial): C:\Users\Tanmay\AppData\Local\Android\android-sdk\build-tools\20.0.0\lib\dx.jar
Launcher Type: SUN_STANDARD

Environment Variables:
JAVA_HOME=C:\Program Files\Java\jdk1.8.0_05
CLASSPATH=.;C:\Program Files (x86)\Java\jre7\lib\ext\QTJava.zip
PATH=C:\WINDOWS\system32;C:\WINDOWS;C:\WINDOWS\System32\Wbem;C:\WINDOWS\System32\WindowsPowerShell\v1.0\;C:\Program Files\Intel\WiFi\bin\;C:\Program Files\Common Files\Intel\WirelessCommon\;C:\Program Files (x86)\QuickTime\QTSystem\;C:\Program Files\jEdit;C:\Program Files\Java\jdk1.8.0_05\bin
USERNAME=Tanmay
OS=Windows_NT
PROCESSOR_IDENTIFIER=Intel64 Family 6 Model 58 Stepping 9, GenuineIntel



---------------  S Y S T E M  ---------------

OS: Windows 8.1 , 64 bit Build 9600 

CPU:total 4 (2 cores per cpu, 2 threads per core) family 6 model 58 stepping 9, cmov, cx8, fxsr, mmx, sse, sse2, sse3, ssse3, sse4.1, sse4.2, popcnt, avx, aes, clmul, erms, ht, tsc, tscinvbit

Memory: 4k page, physical 3618732k(60300k free), swap 7813036k(10940k free)

vm_info: Java HotSpot(TM) 64-Bit Server VM (25.5-b02) for windows-amd64 JRE (1.8.0_05-b13), built on Mar 18 2014 01:08:39 by "java_re" with MS VC++ 10.0 (VS2010)

time: Fri Aug 01 00:34:20 2014
elapsed time: 2 seconds

